0 silly argv {
0 silly argv   _: [ 'version' ],
0 silly argv   lernaVersion: '8.1.8',
0 silly argv   '$0': '/Users/tomdavies/Documents/code/personal/lerna-tutorial/node_modules/.bin/lerna'
0 silly argv }
1 notice cli v8.1.8
2 verbose packageConfigs Resolving packages based on package.json "workspaces" configuration.
3 verbose rootPath /Users/tomdavies/Documents/code/personal/lerna-tutorial
4 info versioning independent
5 silly isAnythingCommitted
6 verbose isAnythingCommitted 1
7 silly getCurrentBranch
8 verbose currentBranch master
9 silly remoteBranchExists
10 silly isBehindUpstream
11 silly isBehindUpstream master is behind origin/master by 0 commit(s) and ahead by 1
12 silly hasTags
13 verbose hasTags true
14 silly git-describe.sync "for-the-lulz-is-even@0.0.1-1-g47b028d" => {"lastTagName":"for-the-lulz-is-even@0.0.1","lastVersion":"0.0.1","refCount":"1","sha":"47b028d","isDirty":false}
15 info Looking for changed packages since for-the-lulz-is-even@0.0.1
16 silly checking diff packages/for-the-lulz-is-even
17 silly found diff in packages/for-the-lulz-is-even/package.json
18 verbose filtered diff [ 'packages/for-the-lulz-is-even/package.json' ]
19 silly checking diff packages/for-the-lulz-is-odd
20 silly found diff in packages/for-the-lulz-is-odd/package.json
21 verbose filtered diff [ 'packages/for-the-lulz-is-odd/package.json' ]
22 verbose updated for-the-lulz-is-even
23 verbose updated for-the-lulz-is-odd
24 verbose git-describe undefined => "for-the-lulz-is-even@0.0.1-1-g47b028d"
25 silly git-describe parsed => {"lastTagName":"for-the-lulz-is-even@0.0.1","lastVersion":"0.0.1","refCount":"1","sha":"47b028d","isDirty":false}
26 info execute Skipping releases
27 silly lifecycle No script for "preversion" in "root", continuing
28 silly lifecycle No script for "preversion" in "for-the-lulz-is-odd", continuing
29 verbose version for-the-lulz-is-odd has no lockfile. Skipping lockfile update.
30 silly lifecycle No script for "version" in "for-the-lulz-is-odd", continuing
31 silly lifecycle No script for "preversion" in "for-the-lulz-is-even", continuing
32 verbose version for-the-lulz-is-even has no lockfile. Skipping lockfile update.
33 silly lifecycle No script for "version" in "for-the-lulz-is-even", continuing
34 silly lifecycle No script for "version" in "root", continuing
35 verbose version Updating root package-lock.json
36 silly gitAdd [
36 silly gitAdd   'packages/for-the-lulz-is-odd/package.json',
36 silly gitAdd   'packages/for-the-lulz-is-even/package.json',
36 silly gitAdd   'package-lock.json'
36 silly gitAdd ]
37 silly gitCommit Publish
37 silly gitCommit
37 silly gitCommit  - for-the-lulz-is-even@0.0.1
37 silly gitCommit  - for-the-lulz-is-odd@0.0.1
38 verbose git [
38 verbose git   'commit',
38 verbose git   '-F',
38 verbose git   '/private/var/folders/w0/83gsptw558z_ftt6_z9fvcb40000gn/T/524ec141-f68a-4a00-80f3-1fed7eab6c64/lerna-commit.txt'
38 verbose git ]
39 silly gitTag for-the-lulz-is-even@0.0.1 git tag %s -m %s
40 verbose git [
40 verbose git   'tag',
40 verbose git   'for-the-lulz-is-even@0.0.1',
40 verbose git   '-m',
40 verbose git   'for-the-lulz-is-even@0.0.1'
40 verbose git ]
41 silly gitTag for-the-lulz-is-odd@0.0.1 git tag %s -m %s
42 verbose git [
42 verbose git   'tag',
42 verbose git   'for-the-lulz-is-odd@0.0.1',
42 verbose git   '-m',
42 verbose git   'for-the-lulz-is-odd@0.0.1'
42 verbose git ]
43 error Error: Command failed with exit code 128: git tag for-the-lulz-is-even@0.0.1 -m for-the-lulz-is-even@0.0.1
43 error fatal: tag 'for-the-lulz-is-even@0.0.1' already exists
43 error     at makeError (/Users/tomdavies/Documents/code/personal/lerna-tutorial/node_modules/execa/lib/error.js:59:11)
43 error     at handlePromise (/Users/tomdavies/Documents/code/personal/lerna-tutorial/node_modules/execa/index.js:114:26)
43 error     at process.processTicksAndRejections (node:internal/process/task_queues:95:5)
43 error     at async Promise.all (index 0)
43 error     at async VersionCommand.gitCommitAndTagVersionForUpdates (/Users/tomdavies/Documents/code/personal/lerna-tutorial/node_modules/lerna/dist/index.js:9948:11)
43 error     at async VersionCommand.commitAndTagUpdates (/Users/tomdavies/Documents/code/personal/lerna-tutorial/node_modules/lerna/dist/index.js:9924:18)
43 error     at async Promise.all (index 0)
